<?xml version="1.0" encoding="UTF-8"?>
<!-- Generated by org.testng.reporters.JUnitXMLReporter -->
<testsuite hostname="mcnamaro" ignored="0" name="Application Test" tests="3" failures="1" timestamp="31 Dec 2018 10:53:00 GMT" time="0.125" errors="0">
  <testcase name="testMethod2" time="0.0" classname="testclasses.TestNG_ReportsAndAnalog">
    <failure type="java.lang.AssertionError" message="expected [true] but found [false]">
      <![CDATA[java.lang.AssertionError: expected [true] but found [false]
at testclasses.TestNG_ReportsAndAnalog.testMethod2(TestNG_ReportsAndAnalog.java:36)
... Removed 28 stack frames]]>
    </failure>
  </testcase> <!-- testMethod2 -->
  <testcase name="testMethod1" time="0.0" classname="testclasses.TestNG_ReportsAndAnalog"/>
  <testcase name="testMethod3" time="0.0" classname="testclasses.TestNG_ReportsAndAnalog">
    <skipped/>
  </testcase> <!-- testMethod3 -->
</testsuite> <!-- Application Test -->
